  Model.cpp
d:\jacopo\università\2_laurea magistrale\2anno\computer_graphics\repository\projectcg\src\basic2d\model.h(60): warning C4305: 'inizializzazione': troncamento da 'double' a 'float'
d:\jacopo\università\2_laurea magistrale\2anno\computer_graphics\repository\projectcg\src\basic2d\model.h(63): warning C4244: 'argomento': conversione da 'double' a 'float'. Possibile perdita di dati.
d:\jacopo\università\2_laurea magistrale\2anno\computer_graphics\repository\projectcg\src\basic2d\model.h(64): warning C4244: 'argomento': conversione da 'double' a 'float'. Possibile perdita di dati.
d:\jacopo\università\2_laurea magistrale\2anno\computer_graphics\repository\projectcg\src\basic2d\model.h(65): warning C4244: 'argomento': conversione da 'double' a 'float'. Possibile perdita di dati.
d:\jacopo\università\2_laurea magistrale\2anno\computer_graphics\repository\projectcg\src\basic2d\model.h(66): warning C4244: 'argomento': conversione da 'double' a 'float'. Possibile perdita di dati.
d:\jacopo\università\2_laurea magistrale\2anno\computer_graphics\repository\projectcg\src\basic2d\model.h(95): warning C4305: 'inizializzazione': troncamento da 'double' a 'float'
d:\jacopo\università\2_laurea magistrale\2anno\computer_graphics\repository\projectcg\src\basic2d\model.h(96): warning C4305: 'inizializzazione': troncamento da 'double' a 'float'
d:\jacopo\università\2_laurea magistrale\2anno\computer_graphics\repository\projectcg\src\basic2d\model.h(99): warning C4305: 'inizializzazione': troncamento da 'double' a 'float'
d:\jacopo\università\2_laurea magistrale\2anno\computer_graphics\repository\projectcg\src\basic2d\model.h(100): warning C4305: 'inizializzazione': troncamento da 'double' a 'float'
d:\jacopo\università\2_laurea magistrale\2anno\computer_graphics\repository\projectcg\src\basic2d\model.h(141): warning C4305: '=': troncamento da 'double' a 'float'
d:\jacopo\università\2_laurea magistrale\2anno\computer_graphics\repository\projectcg\src\basic2d\model.h(145): warning C4305: 'argomento': troncamento da 'double' a 'float'
d:\jacopo\università\2_laurea magistrale\2anno\computer_graphics\repository\projectcg\src\basic2d\model.h(146): warning C4305: 'argomento': troncamento da 'double' a 'float'
d:\jacopo\università\2_laurea magistrale\2anno\computer_graphics\repository\projectcg\src\basic2d\model.h(147): warning C4305: 'argomento': troncamento da 'double' a 'float'
d:\jacopo\università\2_laurea magistrale\2anno\computer_graphics\repository\projectcg\src\basic2d\model.h(148): warning C4305: 'argomento': troncamento da 'double' a 'float'
d:\jacopo\università\2_laurea magistrale\2anno\computer_graphics\repository\projectcg\src\basic2d\model.h(162): warning C4305: 'argomento': troncamento da 'double' a 'float'
d:\jacopo\università\2_laurea magistrale\2anno\computer_graphics\repository\projectcg\src\basic2d\model.h(163): warning C4305: 'argomento': troncamento da 'double' a 'float'
d:\jacopo\università\2_laurea magistrale\2anno\computer_graphics\repository\projectcg\src\basic2d\model.h(164): warning C4305: 'argomento': troncamento da 'double' a 'float'
d:\jacopo\università\2_laurea magistrale\2anno\computer_graphics\repository\projectcg\src\basic2d\model.h(165): warning C4305: 'argomento': troncamento da 'double' a 'float'
d:\jacopo\università\2_laurea magistrale\2anno\computer_graphics\repository\projectcg\src\basic2d\model.h(216): warning C4305: 'argomento': troncamento da 'double' a 'float'
d:\jacopo\università\2_laurea magistrale\2anno\computer_graphics\repository\projectcg\src\basic2d\model.h(217): warning C4305: 'argomento': troncamento da 'double' a 'float'
d:\jacopo\università\2_laurea magistrale\2anno\computer_graphics\repository\projectcg\src\basic2d\model.h(218): warning C4305: 'argomento': troncamento da 'double' a 'float'
d:\jacopo\università\2_laurea magistrale\2anno\computer_graphics\repository\projectcg\src\basic2d\model.h(219): warning C4305: 'argomento': troncamento da 'double' a 'float'
d:\jacopo\università\2_laurea magistrale\2anno\computer_graphics\repository\projectcg\src\basic2d\model.h(222): warning C4305: 'argomento': troncamento da 'double' a 'float'
d:\jacopo\università\2_laurea magistrale\2anno\computer_graphics\repository\projectcg\src\basic2d\model.h(223): warning C4305: 'argomento': troncamento da 'double' a 'float'
d:\jacopo\università\2_laurea magistrale\2anno\computer_graphics\repository\projectcg\src\basic2d\model.h(224): warning C4305: 'argomento': troncamento da 'double' a 'float'
d:\jacopo\università\2_laurea magistrale\2anno\computer_graphics\repository\projectcg\src\basic2d\model.h(225): warning C4305: 'argomento': troncamento da 'double' a 'float'
d:\jacopo\università\2_laurea magistrale\2anno\computer_graphics\repository\projectcg\src\basic2d\model.cpp(100): warning C4474: 'sprintf': sono stati passati troppi argomenti per la stringa di formato
  d:\jacopo\università\2_laurea magistrale\2anno\computer_graphics\repository\projectcg\src\basic2d\model.cpp(100): note: con i segnaposto e i relativi parametri sono previsti argomenti variadic 0, ma sono stati specificati quelli 1
d:\jacopo\università\2_laurea magistrale\2anno\computer_graphics\repository\projectcg\src\basic2d\model.cpp(102): warning C4474: 'sprintf': sono stati passati troppi argomenti per la stringa di formato
  d:\jacopo\università\2_laurea magistrale\2anno\computer_graphics\repository\projectcg\src\basic2d\model.cpp(102): note: con i segnaposto e i relativi parametri sono previsti argomenti variadic 0, ma sono stati specificati quelli 1
d:\jacopo\università\2_laurea magistrale\2anno\computer_graphics\repository\projectcg\src\basic2d\model.cpp(104): warning C4474: 'sprintf': sono stati passati troppi argomenti per la stringa di formato
  d:\jacopo\università\2_laurea magistrale\2anno\computer_graphics\repository\projectcg\src\basic2d\model.cpp(104): note: con i segnaposto e i relativi parametri sono previsti argomenti variadic 0, ma sono stati specificati quelli 1
d:\jacopo\università\2_laurea magistrale\2anno\computer_graphics\repository\projectcg\src\basic2d\model.cpp(202): warning C4244: 'argomento': conversione da 'double' a 'GLfloat'. Possibile perdita di dati.
d:\jacopo\università\2_laurea magistrale\2anno\computer_graphics\repository\projectcg\src\basic2d\model.cpp(351): warning C4244: '=': conversione da 'double' a 'float'. Possibile perdita di dati.
d:\jacopo\università\2_laurea magistrale\2anno\computer_graphics\repository\projectcg\src\basic2d\model.cpp(352): warning C4244: '=': conversione da 'double' a 'float'. Possibile perdita di dati.
d:\jacopo\università\2_laurea magistrale\2anno\computer_graphics\repository\projectcg\src\basic2d\model.cpp(361): warning C4244: '+=': conversione da 'double' a 'float'. Possibile perdita di dati.
d:\jacopo\università\2_laurea magistrale\2anno\computer_graphics\repository\projectcg\src\basic2d\model.cpp(389): warning C4305: '+=': troncamento da 'double' a 'float'
d:\jacopo\università\2_laurea magistrale\2anno\computer_graphics\repository\projectcg\src\basic2d\model.cpp(424): warning C4244: '=': conversione da 'double' a 'float'. Possibile perdita di dati.
d:\jacopo\università\2_laurea magistrale\2anno\computer_graphics\repository\projectcg\src\basic2d\model.cpp(432): warning C4244: '=': conversione da 'double' a 'float'. Possibile perdita di dati.
d:\jacopo\università\2_laurea magistrale\2anno\computer_graphics\repository\projectcg\src\basic2d\model.cpp(477): warning C4244: 'inizializzazione': conversione da 'double' a 'float'. Possibile perdita di dati.
d:\jacopo\università\2_laurea magistrale\2anno\computer_graphics\repository\projectcg\src\basic2d\model.cpp(478): warning C4244: 'inizializzazione': conversione da 'double' a 'float'. Possibile perdita di dati.
SOIL.lib(SOIL.obj) : warning LNK4075: '/EDITANDCONTINUE' ignorato a causa della specifica di '/OPT:ICF'
LINK : warning LNK4098: la libreria predefinita 'MSVCRTD' è in conflitto con l'utilizzo di altre librerie; usare /NODEFAULTLIB:libreria
  Generazione codice in corso...
  1 of 392 functions ( 0.3%) were compiled, the rest were copied from previous compilation.
    0 functions were new in current compilation
    1 functions had inline decision re-evaluated but remain unchanged
  Generazione codice terminata
SOIL.lib(image_DXT.obj) : warning LNK4099: impossibile trovare il PDB 'vc100.pdb' con 'SOIL.lib(image_DXT.obj)' o in 'D:\Jacopo\Università\2_Laurea Magistrale\2anno\COMPUTER_GRAPHICS\Repository\ProjectCG\src\Release\vc100.pdb'; oggetto collegato senza informazioni di debug
SOIL.lib(image_helper.obj) : warning LNK4099: impossibile trovare il PDB 'vc100.pdb' con 'SOIL.lib(image_helper.obj)' o in 'D:\Jacopo\Università\2_Laurea Magistrale\2anno\COMPUTER_GRAPHICS\Repository\ProjectCG\src\Release\vc100.pdb'; oggetto collegato senza informazioni di debug
SOIL.lib(SOIL.obj) : warning LNK4099: impossibile trovare il PDB 'vc100.pdb' con 'SOIL.lib(SOIL.obj)' o in 'D:\Jacopo\Università\2_Laurea Magistrale\2anno\COMPUTER_GRAPHICS\Repository\ProjectCG\src\Release\vc100.pdb'; oggetto collegato senza informazioni di debug
SOIL.lib(stb_image_aug.obj) : warning LNK4099: impossibile trovare il PDB 'vc100.pdb' con 'SOIL.lib(stb_image_aug.obj)' o in 'D:\Jacopo\Università\2_Laurea Magistrale\2anno\COMPUTER_GRAPHICS\Repository\ProjectCG\src\Release\vc100.pdb'; oggetto collegato senza informazioni di debug
  Basic2D.vcxproj -> D:\Jacopo\Università\2_Laurea Magistrale\2anno\COMPUTER_GRAPHICS\Repository\ProjectCG\src\Release\Basic2D.exe
