d:\jacopo\università\2_laurea magistrale\2anno\computer_graphics\repository\projectcg\src\basic2d\debug\vc141.pdb
d:\jacopo\università\2_laurea magistrale\2anno\computer_graphics\repository\projectcg\src\basic2d\debug\vc141.idb
d:\jacopo\università\2_laurea magistrale\2anno\computer_graphics\repository\projectcg\src\basic2d\debug\main.obj
d:\jacopo\università\2_laurea magistrale\2anno\computer_graphics\repository\projectcg\src\basic2d\debug\model.obj
d:\jacopo\università\2_laurea magistrale\2anno\computer_graphics\repository\projectcg\src\debug\basic2d.exe
d:\jacopo\università\2_laurea magistrale\2anno\computer_graphics\repository\projectcg\src\debug\basic2d.ilk
d:\jacopo\università\2_laurea magistrale\2anno\computer_graphics\repository\projectcg\src\debug\basic2d.pdb
c:\users\fabrizio\desktop\universitazione\magistrale\computergraphics\projectcg\src\basic2d\debug\main.obj
c:\users\fabrizio\desktop\universitazione\magistrale\computergraphics\projectcg\src\basic2d\debug\model.obj
c:\users\fabrizio\desktop\universitazione\magistrale\computergraphics\projectcg\src\basic2d\debug\model.obj.enc
c:\users\fabrizio\desktop\universitazione\magistrale\computergraphics\projectcg\src\basic2d\debug\vc141.idb
c:\users\fabrizio\desktop\universitazione\magistrale\computergraphics\projectcg\src\basic2d\debug\vc141.pdb
c:\users\fabrizio\desktop\universitazione\magistrale\computergraphics\projectcg\src\debug\basic2d.pdb
c:\users\fabrizio\desktop\universitazione\magistrale\computergraphics\projectcg\src\debug\basic2d.exe
c:\users\fabrizio\desktop\universitazione\magistrale\computergraphics\projectcg\src\debug\basic2d.ilk
c:\users\fabrizio\desktop\universitazione\magistrale\computergraphics\projectcg\src\basic2d\debug\basic2d.tlog\cl.command.1.tlog
c:\users\fabrizio\desktop\universitazione\magistrale\computergraphics\projectcg\src\basic2d\debug\basic2d.tlog\cl.read.1.tlog
c:\users\fabrizio\desktop\universitazione\magistrale\computergraphics\projectcg\src\basic2d\debug\basic2d.tlog\cl.write.1.tlog
c:\users\fabrizio\desktop\universitazione\magistrale\computergraphics\projectcg\src\basic2d\debug\basic2d.tlog\link.command.1.tlog
c:\users\fabrizio\desktop\universitazione\magistrale\computergraphics\projectcg\src\basic2d\debug\basic2d.tlog\link.read.1.tlog
c:\users\fabrizio\desktop\universitazione\magistrale\computergraphics\projectcg\src\basic2d\debug\basic2d.tlog\link.write.1.tlog
